<?xml version="1.0" encoding="UTF-8"?>
<testsuite name="com.jojodu.book.springboot.web.dto.HelloResponseDtoTest" tests="1" skipped="0" failures="0" errors="0" timestamp="2021-06-06T12:15:30" hostname="DESKTOP-OSUA67U" time="0.105">
  <properties/>
  <testcase name="롬북_기능_테스트" classname="com.jojodu.book.springboot.web.dto.HelloResponseDtoTest" time="0.105"/>
  <system-out><![CDATA[]]></system-out>
  <system-err><![CDATA[]]></system-err>
</testsuite>
